app/build (2)/intermediates/manifest_merge_blame_file/debug/manifest-merger-blame-debug-report.txt
1<?xml version="1.0" encoding="utf-8"?>
2<manifest xmlns:android="http://schemas.android.com/apk/res/android"
3    package="com.example.gellary_159336_assignment02_20008378"
4    android:versionCode="1"
5    android:versionName="1.0" >
6
7    <uses-sdk
8        android:minSdkVersion="23"
8-->src/main/AndroidManifest.xml
9        android:targetSdkVersion="28" />
9-->src/main/AndroidManifest.xml
10
11    <uses-permission android:name="android.permission.READ_EXTERNAL_STORAGE" />
11-->src/main/AndroidManifest.xml:5:5-80
11-->src/main/AndroidManifest.xml:5:22-77
12    <uses-permission android:name="android.permission.WRITE_EXTERNAL_STORAGE" />
12-->src/main/AndroidManifest.xml:6:5-81
12-->src/main/AndroidManifest.xml:6:22-78
13
14    <application
14-->src/main/AndroidManifest.xml:8:5-27:19
15        android:allowBackup="true"
15-->src/main/AndroidManifest.xml:9:9-35
16        android:appComponentFactory="androidx.core.app.CoreComponentFactory"
16-->[androidx.core:core:1.5.0] AndroidManifest.xml:24:18-86
17        android:debuggable="true"
18        android:extractNativeLibs="false"
19        android:icon="@mipmap/ic_launcher"
19-->src/main/AndroidManifest.xml:10:9-43
20        android:label="@string/app_name"
20-->src/main/AndroidManifest.xml:11:9-41
21        android:roundIcon="@mipmap/ic_launcher_round"
21-->src/main/AndroidManifest.xml:12:9-54
22        android:supportsRtl="true"
22-->src/main/AndroidManifest.xml:13:9-35
23        android:testOnly="true"
24        android:theme="@style/Theme.Gellary_159336_Assignment02_20008378" >
24-->src/main/AndroidManifest.xml:14:9-74
25        <activity
25-->src/main/AndroidManifest.xml:15:9-17:39
26            android:name="com.example.gellary_159336_assignment02_20008378.FullImageActivity"
26-->src/main/AndroidManifest.xml:16:13-46
27            android:exported="true" />
27-->src/main/AndroidManifest.xml:17:13-36
28        <activity
28-->src/main/AndroidManifest.xml:18:9-26:20
29            android:name="com.example.gellary_159336_assignment02_20008378.MainActivity"
29-->src/main/AndroidManifest.xml:19:13-41
30            android:exported="true" >
30-->src/main/AndroidManifest.xml:20:13-36
31            <intent-filter>
31-->src/main/AndroidManifest.xml:21:13-25:29
32                <action android:name="android.intent.action.MAIN" />
32-->src/main/AndroidManifest.xml:22:17-69
32-->src/main/AndroidManifest.xml:22:25-66
33
34                <category android:name="android.intent.category.LAUNCHER" />
34-->src/main/AndroidManifest.xml:24:17-77
34-->src/main/AndroidManifest.xml:24:27-74
35            </intent-filter>
36        </activity>
37    </application>
38
39</manifest>